0 info it worked if it ends with ok
1 verbose cli [ '/usr/local/Cellar/node/0.8.20/bin/node',
1 verbose cli   '/usr/local/bin/npm',
1 verbose cli   'publish',
1 verbose cli   './' ]
2 info using npm@1.2.11
3 info using node@v0.8.20
4 verbose publish [ './' ]
5 verbose read json /Users/caramckinley/Projects/Cara/kuato-cli/package.json
6 verbose cache add [ './', null ]
7 verbose cache add name=undefined spec="./" args=["./",null]
8 verbose parsed url { pathname: './', path: './', href: './' }
9 silly lockFile 0ee6c175- ./
10 verbose lock ./ /Users/caramckinley/.npm/0ee6c175-.lock
11 verbose read json package.json
12 verbose tar pack [ '/var/folders/l4/yrfzcdg90d138x4q8hjpfrhcclv1vx/T/npm-19700/1361840277987-0.28785922937095165/tmp.tgz',
12 verbose tar pack   './' ]
13 verbose tarball /var/folders/l4/yrfzcdg90d138x4q8hjpfrhcclv1vx/T/npm-19700/1361840277987-0.28785922937095165/tmp.tgz
14 verbose folder ./
15 info prepublish kuato@0.2.0
16 silly lockFile 0ee6c175- ./
17 verbose lock ./ /Users/caramckinley/.npm/0ee6c175-.lock
18 silly lockFile 86a79865-7987-0-28785922937095165-tmp-tgz /var/folders/l4/yrfzcdg90d138x4q8hjpfrhcclv1vx/T/npm-19700/1361840277987-0.28785922937095165/tmp.tgz
19 verbose lock /var/folders/l4/yrfzcdg90d138x4q8hjpfrhcclv1vx/T/npm-19700/1361840277987-0.28785922937095165/tmp.tgz /Users/caramckinley/.npm/86a79865-7987-0-28785922937095165-tmp-tgz.lock
20 silly lockFile 0ee6c175- ./
21 silly lockFile 0ee6c175- ./
22 silly lockFile 86a79865-7987-0-28785922937095165-tmp-tgz /var/folders/l4/yrfzcdg90d138x4q8hjpfrhcclv1vx/T/npm-19700/1361840277987-0.28785922937095165/tmp.tgz
23 silly lockFile 86a79865-7987-0-28785922937095165-tmp-tgz /var/folders/l4/yrfzcdg90d138x4q8hjpfrhcclv1vx/T/npm-19700/1361840277987-0.28785922937095165/tmp.tgz
24 verbose tar unpack /var/folders/l4/yrfzcdg90d138x4q8hjpfrhcclv1vx/T/npm-19700/1361840277987-0.28785922937095165/tmp.tgz
25 silly lockFile bbd36b3b-7987-0-28785922937095165-package /var/folders/l4/yrfzcdg90d138x4q8hjpfrhcclv1vx/T/npm-19700/1361840277987-0.28785922937095165/package
26 verbose lock /var/folders/l4/yrfzcdg90d138x4q8hjpfrhcclv1vx/T/npm-19700/1361840277987-0.28785922937095165/package /Users/caramckinley/.npm/bbd36b3b-7987-0-28785922937095165-package.lock
27 silly lockFile 86a79865-7987-0-28785922937095165-tmp-tgz /var/folders/l4/yrfzcdg90d138x4q8hjpfrhcclv1vx/T/npm-19700/1361840277987-0.28785922937095165/tmp.tgz
28 verbose lock /var/folders/l4/yrfzcdg90d138x4q8hjpfrhcclv1vx/T/npm-19700/1361840277987-0.28785922937095165/tmp.tgz /Users/caramckinley/.npm/86a79865-7987-0-28785922937095165-tmp-tgz.lock
29 silly gunzTarPerm modes [ '755', '644' ]
30 silly gunzTarPerm extractEntry package.json
31 silly gunzTarPerm extractEntry .npmignore
32 silly gunzTarPerm extractEntry README.md
33 silly gunzTarPerm extractEntry bin/kuato
34 silly gunzTarPerm extractEntry LICENSE-MIT
35 verbose read json /var/folders/l4/yrfzcdg90d138x4q8hjpfrhcclv1vx/T/npm-19700/1361840277987-0.28785922937095165/package/package.json
36 silly lockFile bbd36b3b-7987-0-28785922937095165-package /var/folders/l4/yrfzcdg90d138x4q8hjpfrhcclv1vx/T/npm-19700/1361840277987-0.28785922937095165/package
37 silly lockFile bbd36b3b-7987-0-28785922937095165-package /var/folders/l4/yrfzcdg90d138x4q8hjpfrhcclv1vx/T/npm-19700/1361840277987-0.28785922937095165/package
38 silly lockFile 86a79865-7987-0-28785922937095165-tmp-tgz /var/folders/l4/yrfzcdg90d138x4q8hjpfrhcclv1vx/T/npm-19700/1361840277987-0.28785922937095165/tmp.tgz
39 silly lockFile 86a79865-7987-0-28785922937095165-tmp-tgz /var/folders/l4/yrfzcdg90d138x4q8hjpfrhcclv1vx/T/npm-19700/1361840277987-0.28785922937095165/tmp.tgz
40 verbose from cache /var/folders/l4/yrfzcdg90d138x4q8hjpfrhcclv1vx/T/npm-19700/1361840277987-0.28785922937095165/package/package.json
41 verbose tar pack [ '/Users/caramckinley/.npm/kuato/0.2.0/package.tgz',
41 verbose tar pack   '/var/folders/l4/yrfzcdg90d138x4q8hjpfrhcclv1vx/T/npm-19700/1361840277987-0.28785922937095165/package' ]
42 verbose tarball /Users/caramckinley/.npm/kuato/0.2.0/package.tgz
43 verbose folder /var/folders/l4/yrfzcdg90d138x4q8hjpfrhcclv1vx/T/npm-19700/1361840277987-0.28785922937095165/package
44 silly lockFile bbd36b3b-7987-0-28785922937095165-package /var/folders/l4/yrfzcdg90d138x4q8hjpfrhcclv1vx/T/npm-19700/1361840277987-0.28785922937095165/package
45 verbose lock /var/folders/l4/yrfzcdg90d138x4q8hjpfrhcclv1vx/T/npm-19700/1361840277987-0.28785922937095165/package /Users/caramckinley/.npm/bbd36b3b-7987-0-28785922937095165-package.lock
46 silly lockFile ac34eacd-nley-npm-kuato-0-2-0-package-tgz /Users/caramckinley/.npm/kuato/0.2.0/package.tgz
47 verbose lock /Users/caramckinley/.npm/kuato/0.2.0/package.tgz /Users/caramckinley/.npm/ac34eacd-nley-npm-kuato-0-2-0-package-tgz.lock
48 silly lockFile bbd36b3b-7987-0-28785922937095165-package /var/folders/l4/yrfzcdg90d138x4q8hjpfrhcclv1vx/T/npm-19700/1361840277987-0.28785922937095165/package
49 silly lockFile bbd36b3b-7987-0-28785922937095165-package /var/folders/l4/yrfzcdg90d138x4q8hjpfrhcclv1vx/T/npm-19700/1361840277987-0.28785922937095165/package
50 silly lockFile ac34eacd-nley-npm-kuato-0-2-0-package-tgz /Users/caramckinley/.npm/kuato/0.2.0/package.tgz
51 silly lockFile ac34eacd-nley-npm-kuato-0-2-0-package-tgz /Users/caramckinley/.npm/kuato/0.2.0/package.tgz
52 silly lockFile e91b734c-mckinley-npm-kuato-0-2-0-package /Users/caramckinley/.npm/kuato/0.2.0/package
53 verbose lock /Users/caramckinley/.npm/kuato/0.2.0/package /Users/caramckinley/.npm/e91b734c-mckinley-npm-kuato-0-2-0-package.lock
54 silly lockFile e91b734c-mckinley-npm-kuato-0-2-0-package /Users/caramckinley/.npm/kuato/0.2.0/package
55 silly lockFile e91b734c-mckinley-npm-kuato-0-2-0-package /Users/caramckinley/.npm/kuato/0.2.0/package
56 verbose tar unpack /Users/caramckinley/.npm/kuato/0.2.0/package.tgz
57 silly lockFile e91b734c-mckinley-npm-kuato-0-2-0-package /Users/caramckinley/.npm/kuato/0.2.0/package
58 verbose lock /Users/caramckinley/.npm/kuato/0.2.0/package /Users/caramckinley/.npm/e91b734c-mckinley-npm-kuato-0-2-0-package.lock
59 silly lockFile ac34eacd-nley-npm-kuato-0-2-0-package-tgz /Users/caramckinley/.npm/kuato/0.2.0/package.tgz
60 verbose lock /Users/caramckinley/.npm/kuato/0.2.0/package.tgz /Users/caramckinley/.npm/ac34eacd-nley-npm-kuato-0-2-0-package-tgz.lock
61 silly gunzTarPerm modes [ '755', '644' ]
62 silly gunzTarPerm extractEntry package.json
63 silly gunzTarPerm extractEntry .npmignore
64 silly gunzTarPerm extractEntry README.md
65 silly gunzTarPerm extractEntry bin/kuato
66 silly gunzTarPerm extractEntry LICENSE-MIT
67 verbose read json /Users/caramckinley/.npm/kuato/0.2.0/package/package.json
68 silly lockFile e91b734c-mckinley-npm-kuato-0-2-0-package /Users/caramckinley/.npm/kuato/0.2.0/package
69 silly lockFile e91b734c-mckinley-npm-kuato-0-2-0-package /Users/caramckinley/.npm/kuato/0.2.0/package
70 silly lockFile ac34eacd-nley-npm-kuato-0-2-0-package-tgz /Users/caramckinley/.npm/kuato/0.2.0/package.tgz
71 silly lockFile ac34eacd-nley-npm-kuato-0-2-0-package-tgz /Users/caramckinley/.npm/kuato/0.2.0/package.tgz
72 silly shasum updated bytes 2702
73 info shasum 30d65f888e34e4fb72f35701d754f2b63e724c49
73 info shasum /Users/caramckinley/.npm/kuato/0.2.0/package.tgz
74 verbose from cache /Users/caramckinley/.npm/kuato/0.2.0/package/package.json
75 verbose chmod /Users/caramckinley/.npm/kuato/0.2.0/package.tgz 644
76 verbose chown /Users/caramckinley/.npm/kuato/0.2.0/package.tgz [ 423462781, 581267880 ]
77 silly lockFile 0ee6c175- ./
78 silly publish { name: 'kuato',
78 silly publish   description: 'Simple static web site scaffolder built on grunt.js',
78 silly publish   version: '0.2.0',
78 silly publish   author: { name: 'Cara McKinley' },
78 silly publish   homepage: 'http://github.com/cemckinley/kuato',
78 silly publish   repository:
78 silly publish    { type: 'git',
78 silly publish      url: 'git://github.com/cemckinley/kuato-cli.git' },
78 silly publish   bugs: { url: 'http://github.com/cemckinley/kuato-cli/issues' },
78 silly publish   licenses:
78 silly publish    [ { type: 'MIT',
78 silly publish        url: 'http://github.com/cemckinley/kuato/blob/master/LICENSE-MIT' } ],
78 silly publish   bin: { kuato: 'bin/kuato' },
78 silly publish   engines: { node: '>= 0.8.0' },
78 silly publish   preferGlobal: true,
78 silly publish   readme: '# KUATO CLI\n\nRepo for the Kuato command line script, formatted for publishing as an npm module.\n\n`npm install -g kuato`\n\nThis package installs the command line script for kuato, which builds a grunt-based static site scaffold. See https://github.com/cemckinley/kuato for scaffold repo and usage.\n\nNode, npm, compass, and grunt-cli need be installed at the global (command line) level to use kuato. NOTE: kuato is built based on the latest grunt 0.4.x release. You should have installed grunt-cli already, and a local copy of grunt will be added to a project you create using kuato. See https://github.com/gruntjs/grunt/wiki/Getting-started for more info on getting started with grunt.\n\n',
78 silly publish   readmeFilename: 'README.md',
78 silly publish   _id: 'kuato@0.2.0',
78 silly publish   dist: { shasum: '30d65f888e34e4fb72f35701d754f2b63e724c49' },
78 silly publish   _from: './' }
79 verbose url raw kuato
80 verbose url resolving [ 'https://registry.npmjs.org/', './kuato' ]
81 verbose url resolved https://registry.npmjs.org/kuato
82 info trying registry request attempt 1 at 16:58:08
83 http PUT https://registry.npmjs.org/kuato
84 http 409 https://registry.npmjs.org/kuato
85 verbose url raw kuato
86 verbose url resolving [ 'https://registry.npmjs.org/', './kuato' ]
87 verbose url resolved https://registry.npmjs.org/kuato
88 info trying registry request attempt 1 at 16:58:08
89 http GET https://registry.npmjs.org/kuato
90 http 200 https://registry.npmjs.org/kuato
91 error publish fail Cannot publish over existing version.
91 error publish fail Update the 'version' field in package.json and try again.
91 error publish fail
91 error publish fail If the previous version was published in error, see:
91 error publish fail     npm help unpublish
91 error publish fail
91 error publish fail To automatically increment version numbers, see:
91 error publish fail     npm help version
92 error System Darwin 12.2.1
93 error command "/usr/local/Cellar/node/0.8.20/bin/node" "/usr/local/bin/npm" "publish" "./"
94 error cwd /Users/caramckinley/Projects/Cara/kuato-cli
95 error node -v v0.8.20
96 error npm -v 1.2.11
97 error code EPUBLISHCONFLICT
98 verbose exit [ 1, true ]
